PullToRefresh_sample/build/outputs/logs/manifest-merger-debug-report.txt
-- Merging decision tree log ---
manifest
ADDED from src\main\AndroidManifest.xml:2:1-60:12
	package
		ADDED from src\main\AndroidManifest.xml:4:5-49
		INJECTED from src\main\AndroidManifest.xml
		INJECTED from src\main\AndroidManifest.xml
	android:versionName
		ADDED from src\main\AndroidManifest.xml:6:5-32
		INJECTED from src\main\AndroidManifest.xml
		INJECTED from src\main\AndroidManifest.xml
	xmlns:tools
		ADDED from src\main\AndroidManifest.xml:3:5-51
	android:versionCode
		ADDED from src\main\AndroidManifest.xml:5:5-31
		INJECTED from src\main\AndroidManifest.xml
		INJECTED from src\main\AndroidManifest.xml
	xmlns:android
		ADDED from src\main\AndroidManifest.xml:2:11-69
uses-sdk
ADDED from src\main\AndroidManifest.xml:7:5-15:63
MERGED from [NewsProject:pullToRefreshListFragment:unspecified] AndroidManifest.xml:8:5-11:233
MERGED from [NewsProject:pullToRefreshViewPager:unspecified] AndroidManifest.xml:7:5-9:40
MERGED from [NewsProject:PullToRefresh_library:unspecified] AndroidManifest.xml:7:5-9:40
MERGED from [com.android.support:support-v4:25.3.1] AndroidManifest.xml:21:5-23:54
MERGED from [com.android.support:support-fragment:25.3.1] AndroidManifest.xml:21:5-23:60
MERGED from [com.android.support:support-media-compat:25.3.1] AndroidManifest.xml:21:5-23:63
MERGED from [com.android.support:support-core-ui:25.3.1] AndroidManifest.xml:21:5-23:58
MERGED from [com.android.support:support-core-utils:25.3.1] AndroidManifest.xml:21:5-23:61
MERGED from [com.android.support:support-compat:25.3.1] AndroidManifest.xml:21:5-23:58
	tools:overrideLibrary
		ADDED from src\main\AndroidManifest.xml:7:5-15:63
	android:targetSdkVersion
		ADDED from src\main\AndroidManifest.xml:9:9-38
		INJECTED from src\main\AndroidManifest.xml
		INJECTED from src\main\AndroidManifest.xml
	android:minSdkVersion
		ADDED from src\main\AndroidManifest.xml:8:9-34
		INJECTED from src\main\AndroidManifest.xml
		INJECTED from src\main\AndroidManifest.xml
application
ADDED from src\main\AndroidManifest.xml:19:9-56:19
MERGED from [NewsProject:pullToRefreshListFragment:unspecified] AndroidManifest.xml:13:5-20
MERGED from [NewsProject:pullToRefreshViewPager:unspecified] AndroidManifest.xml:11:5-20
MERGED from [NewsProject:PullToRefresh_library:unspecified] AndroidManifest.xml:11:5-20
MERGED from [com.android.support:support-v4:25.3.1] AndroidManifest.xml:29:5-20
MERGED from [com.android.support:support-fragment:25.3.1] AndroidManifest.xml:29:5-20
MERGED from [com.android.support:support-media-compat:25.3.1] AndroidManifest.xml:29:5-20
MERGED from [com.android.support:support-core-ui:25.3.1] AndroidManifest.xml:29:5-20
MERGED from [com.android.support:support-core-utils:25.3.1] AndroidManifest.xml:29:5-20
MERGED from [com.android.support:support-compat:25.3.1] AndroidManifest.xml:29:5-20
	android:label
		ADDED from src\main\AndroidManifest.xml:21:13-50
	android:hardwareAccelerated
		ADDED from src\main\AndroidManifest.xml:19:9-56:19
	android:icon
		ADDED from src\main\AndroidManifest.xml:19:9-56:19
activity#com.handmark.pulltorefresh.samples.LauncherActivity
ADDED from src\main\AndroidManifest.xml:23:17-29:20
	android:label
		ADDED from src\main\AndroidManifest.xml:30:13-41
	android:name
		ADDED from src\main\AndroidManifest.xml:23:25-66
intent-filter#android.intent.action.MAIN+android.intent.category.LAUNCHER
ADDED from src\main\AndroidManifest.xml:24:17-28:29
action#android.intent.action.MAIN
ADDED from src\main\AndroidManifest.xml:24:9-25:69
	android:name
		ADDED from src\main\AndroidManifest.xml:24:9-25:69
category#android.intent.category.LAUNCHER
ADDED from src\main\AndroidManifest.xml:26:9-27:77
	android:name
		ADDED from src\main\AndroidManifest.xml:27:13-62
activity#com.handmark.pulltorefresh.samples.PullToRefreshListActivity
ADDED from src\main\AndroidManifest.xml:31:9-32:53
	android:label
		ADDED from src\main\AndroidManifest.xml:31:9-32:53
	android:name
		ADDED from src\main\AndroidManifest.xml:32:13-54
activity#com.handmark.pulltorefresh.samples.PullToRefreshListFragmentActivity
ADDED from src\main\AndroidManifest.xml:34:9-35:62
	android:label
		ADDED from src\main\AndroidManifest.xml:34:9-35:62
	android:name
		ADDED from src\main\AndroidManifest.xml:35:13-64
activity#com.handmark.pulltorefresh.samples.PullToRefreshListInViewPagerActivity
ADDED from src\main\AndroidManifest.xml:37:9-38:66
	android:label
		ADDED from src\main\AndroidManifest.xml:37:9-38:66
	android:name
		ADDED from src\main\AndroidManifest.xml:38:13-57
activity#com.handmark.pulltorefresh.samples.PullToRefreshGridActivity
ADDED from src\main\AndroidManifest.xml:39:9-41:53
	android:label
		ADDED from src\main\AndroidManifest.xml:41:13-43
	android:name
		ADDED from src\main\AndroidManifest.xml:40:13-60
activity#com.handmark.pulltorefresh.samples.PullToRefreshExpandableListActivity
ADDED from src\main\AndroidManifest.xml:42:9-44:63
	android:label
		ADDED from src\main\AndroidManifest.xml:44:13-53
	android:name
		ADDED from src\main\AndroidManifest.xml:43:13-70
activity#com.handmark.pulltorefresh.samples.PullToRefreshWebViewActivity
ADDED from src\main\AndroidManifest.xml:45:9-47:52
	android:label
		ADDED from src\main\AndroidManifest.xml:47:13-42
	android:name
		ADDED from src\main\AndroidManifest.xml:46:13-59
activity#com.handmark.pulltorefresh.samples.PullToRefreshScrollViewActivity
ADDED from src\main\AndroidManifest.xml:48:9-50:55
	android:label
		ADDED from src\main\AndroidManifest.xml:50:13-49
	android:name
		ADDED from src\main\AndroidManifest.xml:49:13-58
activity#com.handmark.pulltorefresh.samples.PullToRefreshHorizontalScrollViewActivity
ADDED from src\main\AndroidManifest.xml:53:5-65
	android:label
		ADDED from src\main\AndroidManifest.xml:53:5-65
	android:name
		ADDED from src\main\AndroidManifest.xml:53:22-64
activity#com.handmark.pulltorefresh.samples.PullToRefreshViewPagerActivity
ADDED from src\main\AndroidManifest.xml:56:1-54
	android:label
		ADDED from src\main\AndroidManifest.xml:56:1-54
	android:name
		ADDED from src\main\AndroidManifest.xml:56:1-54
activity#com.handmark.pulltorefresh.samples.PullToRefreshWebView2Activity
ADDED from src\main\AndroidManifest.xml:56:1-61
	android:label
		ADDED from src\main\AndroidManifest.xml:56:1-61
	android:name
		ADDED from src\main\AndroidManifest.xml:56:1-61
uses-permission#android.permission.INTERNET
ADDED from src\main\AndroidManifest.xml:58:1-67
	android:name
		ADDED from src\main\AndroidManifest.xml:58:1-67
supports-screens
ADDED from src\main\AndroidManifest.xml:58:5-60:51
	android:anyDensity
		ADDED from src\main\AndroidManifest.xml:58:23-48
meta-data#android.support.VERSION
ADDED from [com.android.support:support-v4:25.3.1] AndroidManifest.xml:25:5-27:34
MERGED from [com.android.support:support-fragment:25.3.1] AndroidManifest.xml:25:5-27:34
MERGED from [com.android.support:support-media-compat:25.3.1] AndroidManifest.xml:25:5-27:34
MERGED from [com.android.support:support-core-ui:25.3.1] AndroidManifest.xml:25:5-27:34
MERGED from [com.android.support:support-core-utils:25.3.1] AndroidManifest.xml:25:5-27:34
MERGED from [com.android.support:support-compat:25.3.1] AndroidManifest.xml:25:5-27:34
	android:value
		ADDED from [com.android.support:support-v4:25.3.1] AndroidManifest.xml:27:9-31
	android:name
		ADDED from [com.android.support:support-v4:25.3.1] AndroidManifest.xml:26:9-47